We should find 130 members
TOP OF MAIN LOOP: mem_link = http://www.meetup.com/Turning-to-Complexity-Beta/members/207295054/
(1) Member Name: Marcus
Found country = gb
Found: code = greater_london, town = "><span class="locality" itemprop="addressLocality">Greater London<
Can't find coords of country = "gb", town = ""><span class="locality" itemprop="addressLocality">Greater London<"
TOP OF MAIN LOOP: mem_link = http://www.meetup.com/Turning-to-Complexity-Beta/members/67968852/
(2) Member Name: Vince
Found country = gb
Found: code = n7, town = beckenham
Address: Beckenham, Bromley, London, Greater London, England, UK
Coords:  <coordinates>-0.0303182,51.4070938,0.0</coordinates>
Adding meetup.com/cities/n7/beckenham/ to dictionary
country=gb, town=beckenham, zipcode=, address=Beckenham, Bromley, London, Greater London, England, UK, coords=<coordinates>-0.0303182,51.4070938,0.0</coordinates>
TOP OF MAIN LOOP: mem_link = http://www.meetup.com/Turning-to-Complexity-Beta/members/88873722/
(3) Member Name: Ben
Found country = gb
Found: code = n7, town = south_croydon
Can't find coords of country = "gb", town = "south_croydon"
TOP OF MAIN LOOP: mem_link = http://www.meetup.com/Turning-to-Complexity-Beta/members/207039208/
(4) Member Name: Julia
Found country = gb
Found: code = 17, town = london
Address: London, Greater London, England, UK
Coords:  <coordinates>-0.1276473,51.5073219,0.0</coordinates>
Adding meetup.com/cities/17/london/ to dictionary
country=gb, town=london, zipcode=, address=London, Greater London, England, UK, coords=<coordinates>-0.1276473,51.5073219,0.0</coordinates>
TOP OF MAIN LOOP: mem_link = http://www.meetup.com/Turning-to-Complexity-Beta/members/206945151/
(5) Member Name: Mat
Found country = gb
Found: code = greater_london, town = "><span class="locality" itemprop="addressLocality">Greater London<
Can't find coords of country = "gb", town = ""><span class="locality" itemprop="addressLocality">Greater London<"
TOP OF MAIN LOOP: mem_link = http://www.meetup.com/Turning-to-Complexity-Beta/members/206924986/
(6) Member Name: Faheem
Found country = gb
Found: code = 17, town = london
Address: London, Greater London, England, UK
Coords:  <coordinates>-0.1276473,51.5073219,0.0</coordinates>
TOP OF MAIN LOOP: mem_link = http://www.meetup.com/Turning-to-Complexity-Beta/members/206929013/
(7) Member Name: Sever
Found country = gb
Found: code = greater_london, town = "><span class="locality" itemprop="addressLocality">Greater London<
Can't find coords of country = "gb", town = ""><span class="locality" itemprop="addressLocality">Greater London<"
TOP OF MAIN LOOP: mem_link = http://www.meetup.com/Turning-to-Complexity-Beta/members/38577112/
(8) Member Name: Faheem
Found country = gb
Found: code = 17, town = london
Address: London, Greater London, England, UK
Coords:  <coordinates>-0.1276473,51.5073219,0.0</coordinates>
TOP OF MAIN LOOP: mem_link = http://www.meetup.com/Turning-to-Complexity-Beta/members/206846748/
(9) Member Name: Lorna
Found country = gb
Found: code = 17, town = london
Address: London, Greater London, England, UK
Coords:  <coordinates>-0.1276473,51.5073219,0.0</coordinates>
TOP OF MAIN LOOP: mem_link = http://www.meetup.com/Turning-to-Complexity-Beta/members/206847196/
(10) Member Name: Sara
Found country = gb
Found: code = 17, town = london
Address: London, Greater London, England, UK
Coords:  <coordinates>-0.1276473,51.5073219,0.0</coordinates>
TOP OF MAIN LOOP: mem_link = http://www.meetup.com/Turning-to-Complexity-Beta/members/206786182/
(11) Member Name: ishmael
Found country = gb
Found: code = 17, town = london
Address: London, Greater London, England, UK
Coords:  <coordinates>-0.1276473,51.5073219,0.0</coordinates>
TOP OF MAIN LOOP: mem_link = http://www.meetup.com/Turning-to-Complexity-Beta/members/202087444/
(12) Member Name: V
Found country = gb
Found: code = greater_london, town = "><span class="locality" itemprop="addressLocality">Greater London<
Can't find coords of country = "gb", town = ""><span class="locality" itemprop="addressLocality">Greater London<"
TOP OF MAIN LOOP: mem_link = http://www.meetup.com/Turning-to-Complexity-Beta/members/206739933/
(13) Member Name: Barbara
Found country = gb
Found: code = 17, town = london
Address: London, Greater London, England, UK
Coords:  <coordinates>-0.1276473,51.5073219,0.0</coordinates>
TOP OF MAIN LOOP: mem_link = http://www.meetup.com/Turning-to-Complexity-Beta/members/157714502/
(14) Member Name: Duncan
Found country = gb
Found: code = 17, town = london
Address: London, Greater London, England, UK
Coords:  <coordinates>-0.1276473,51.5073219,0.0</coordinates>
TOP OF MAIN LOOP: mem_link = http://www.meetup.com/Turning-to-Complexity-Beta/members/201298411/
(15) Member Name: Stevie
Found country = gb
Found: code = 17, town = london
Address: London, Greater London, England, UK
Coords:  <coordinates>-0.1276473,51.5073219,0.0</coordinates>
TOP OF MAIN LOOP: mem_link = http://www.meetup.com/Turning-to-Complexity-Beta/members/206500330/
(16) Member Name: Deb
Found country = gb
Found: code = 17, town = london
Address: London, Greater London, England, UK
Coords:  <coordinates>-0.1276473,51.5073219,0.0</coordinates>
TOP OF MAIN LOOP: mem_link = http://www.meetup.com/Turning-to-Complexity-Beta/members/206457283/
(17) Member Name: Monirul
Found country = gb
Found: code = 17, town = london
Address: London, Greater London, England, UK
Coords:  <coordinates>-0.1276473,51.5073219,0.0</coordinates>
TOP OF MAIN LOOP: mem_link = http://www.meetup.com/Turning-to-Complexity-Beta/members/206451774/
(18) Member Name: Susan
Found country = gb
Found: code = 17, town = london
Address: London, Greater London, England, UK
Coords:  <coordinates>-0.1276473,51.5073219,0.0</coordinates>
TOP OF MAIN LOOP: mem_link = http://www.meetup.com/Turning-to-Complexity-Beta/members/190320807/
(19) Member Name: Mark
Found country = gb
Found: code = 17, town = london
Address: London, Greater London, England, UK
Coords:  <coordinates>-0.1276473,51.5073219,0.0</coordinates>
TOP OF MAIN LOOP: mem_link = http://www.meetup.com/Turning-to-Complexity-Beta/members/206097936/
(20) Member Name: Amina
Found country = gb
Found: code = 17, town = london
Address: London, Greater London, England, UK
Coords:  <coordinates>-0.1276473,51.5073219,0.0</coordinates>
TOP OF MAIN LOOP: mem_link = 
Fetching the next page ...
  Link is: http://www.meetup.com/Turning-to-Complexity-Beta/members/?offset=20&;sort=last_visited&;desc=1
http://www.meetup.com/Turning-to-Complexity-Beta/members/26254742/
(21) Member Name: Tye
Found country = gb
Found: code = 17, town = london
Address: London, Greater London, England, UK
Coords:  <coordinates>-0.1276473,51.5073219,0.0</coordinates>
TOP OF MAIN LOOP: mem_link = http://www.meetup.com/Turning-to-Complexity-Beta/members/8649239/
(22) Member Name: Victor
Found country = gb
Found: code = 17, town = london
Address: London, Greater London, England, UK
Coords:  <coordinates>-0.1276473,51.5073219,0.0</coordinates>
TOP OF MAIN LOOP: mem_link = http://www.meetup.com/Turning-to-Complexity-Beta/members/193599291/
(23) Member Name: YOUSHA
Found country = gb
Found: code = 17, town = london
Address: London, Greater London, England, UK
Coords:  <coordinates>-0.1276473,51.5073219,0.0</coordinates>
TOP OF MAIN LOOP: mem_link = http://www.meetup.com/Turning-to-Complexity-Beta/members/38240462/
(24) Member Name: Jessie
Found country = gb
Found: code = 17, town = london
Address: London, Greater London, England, UK
Coords:  <coordinates>-0.1276473,51.5073219,0.0</coordinates>
TOP OF MAIN LOOP: mem_link = http://www.meetup.com/Turning-to-Complexity-Beta/members/200765163/
(25) Member Name: lookman
Found country = gb
Found: code = 17, town = london
Address: London, Greater London, England, UK
Coords:  <coordinates>-0.1276473,51.5073219,0.0</coordinates>
TOP OF MAIN LOOP: mem_link = http://www.meetup.com/Turning-to-Complexity-Beta/members/205639954/
(26) Member Name: Rich
Found country = gb
Found: code = 17, town = london
Address: London, Greater London, England, UK
Coords:  <coordinates>-0.1276473,51.5073219,0.0</coordinates>
TOP OF MAIN LOOP: mem_link = http://www.meetup.com/Turning-to-Complexity-Beta/members/205622985/
(27) Member Name: Alasdair
Found country = gb
Found: code = greater_london, town = "><span class="locality" itemprop="addressLocality">Greater London<
Can't find coords of country = "gb", town = ""><span class="locality" itemprop="addressLocality">Greater London<"
TOP OF MAIN LOOP: mem_link = http://www.meetup.com/Turning-to-Complexity-Beta/members/205455677/
(28) Member Name: Louise
Found country = gb
Found: code = 17, town = london
Address: London, Greater London, England, UK
Coords:  <coordinates>-0.1276473,51.5073219,0.0</coordinates>
TOP OF MAIN LOOP: mem_link = http://www.meetup.com/Turning-to-Complexity-Beta/members/123693482/
(29) Member Name: John
Found country = gb
Found: code = 17, town = london
Address: London, Greater London, England, UK
Coords:  <coordinates>-0.1276473,51.5073219,0.0</coordinates>
TOP OF MAIN LOOP: mem_link = http://www.meetup.com/Turning-to-Complexity-Beta/members/4296538/
(30) Member Name: rmitra
Found country = gb
Found: code = 17, town = london
Address: London, Greater London, England, UK
Coords:  <coordinates>-0.1276473,51.5073219,0.0</coordinates>
TOP OF MAIN LOOP: mem_link = http://www.meetup.com/Turning-to-Complexity-Beta/members/197483674/
(31) Member Name: Vilius
Found country = be
Don't know country "be"
Can't parse that location
TOP OF MAIN LOOP: mem_link = http://www.meetup.com/Turning-to-Complexity-Beta/members/14414638/
(32) Member Name: ypercube
Found country = gr
Don't know country "gr"
Can't parse that location
TOP OF MAIN LOOP: mem_link = http://www.meetup.com/Turning-to-Complexity-Beta/members/15001991/
(33) Member Name: Samuele
Found country = gb
Found: code = 17, town = london
Address: London, Greater London, England, UK
Coords:  <coordinates>-0.1276473,51.5073219,0.0</coordinates>
TOP OF MAIN LOOP: mem_link = http://www.meetup.com/Turning-to-Complexity-Beta/members/12099197/
(34) Member Name: Adam
Found country = gb
Found: code = 17, town = london
Address: London, Greater London, England, UK
Coords:  <coordinates>-0.1276473,51.5073219,0.0</coordinates>
TOP OF MAIN LOOP: mem_link = http://www.meetup.com/Turning-to-Complexity-Beta/members/5557975/
(35) Member Name: Vincent
Found country = gb
Found: code = 17, town = london
Address: London, Greater London, England, UK
Coords:  <coordinates>-0.1276473,51.5073219,0.0</coordinates>
TOP OF MAIN LOOP: mem_link = http://www.meetup.com/Turning-to-Complexity-Beta/members/202093033/
(36) Member Name: Micheal
Found country = gb
Found: code = 17, town = london
Address: London, Greater London, England, UK
Coords:  <coordinates>-0.1276473,51.5073219,0.0</coordinates>
TOP OF MAIN LOOP: mem_link = http://www.meetup.com/Turning-to-Complexity-Beta/members/96847292/
(37) Member Name: Dil
Found country = gb
Found: code = 17, town = london
Address: London, Greater London, England, UK
Coords:  <coordinates>-0.1276473,51.5073219,0.0</coordinates>
TOP OF MAIN LOOP: mem_link = http://www.meetup.com/Turning-to-Complexity-Beta/members/10747156/
(38) Member Name: tom
Found country = gb
Found: code = 17, town = london
Address: London, Greater London, England, UK
Coords:  <coordinates>-0.1276473,51.5073219,0.0</coordinates>
TOP OF MAIN LOOP: mem_link = http://www.meetup.com/Turning-to-Complexity-Beta/members/34681642/
(39) Member Name: Iain
Found country = gb
Found: code = 17, town = kew
Address: Kew, London Borough of Richmond upon Thames, London, Greater London, England, UK
Coords:  <coordinates>-0.2919291,51.4806629,0.0</coordinates>
Adding meetup.com/cities/17/kew/ to dictionary
country=gb, town=kew, zipcode=, address=Kew, London Borough of Richmond upon Thames, London, Greater London, England, UK, coords=<coordinates>-0.2919291,51.4806629,0.0</coordinates>
TOP OF MAIN LOOP: mem_link = http://www.meetup.com/Turning-to-Complexity-Beta/members/43308862/
(40) Member Name: Aamer
Found country = gb
Found: code = 17, town = london
Address: London, Greater London, England, UK
Coords:  <coordinates>-0.1276473,51.5073219,0.0</coordinates>
TOP OF MAIN LOOP: mem_link = 
Fetching the next page ...
  Link is: http://www.meetup.com/Turning-to-Complexity-Beta/members/?offset=40&;sort=last_visited&;desc=1
http://www.meetup.com/Turning-to-Complexity-Beta/members/97325212/
(41) Member Name: Michael
Found country = gb
Found: code = 17, town = london
Address: London, Greater London, England, UK
Coords:  <coordinates>-0.1276473,51.5073219,0.0</coordinates>
TOP OF MAIN LOOP: mem_link = http://www.meetup.com/Turning-to-Complexity-Beta/members/145022882/
(42) Member Name: Jeff
Found country = gb
Found: code = 17, town = london
Address: London, Greater London, England, UK
Coords:  <coordinates>-0.1276473,51.5073219,0.0</coordinates>
TOP OF MAIN LOOP: mem_link = http://www.meetup.com/Turning-to-Complexity-Beta/members/202984762/
(43) Member Name: Isobel
Found country = gb
Found: code = greater_london, town = "><span class="locality" itemprop="addressLocality">Greater London<
Can't find coords of country = "gb", town = ""><span class="locality" itemprop="addressLocality">Greater London<"
TOP OF MAIN LOOP: mem_link = http://www.meetup.com/Turning-to-Complexity-Beta/members/184767232/
(44) Member Name: jacqueline
Found country = gb
Found: code = 17, town = london
Address: London, Greater London, England, UK
Coords:  <coordinates>-0.1276473,51.5073219,0.0</coordinates>
TOP OF MAIN LOOP: mem_link = http://www.meetup.com/Turning-to-Complexity-Beta/members/7681445/
(45) Member Name: Val
Found country = gb
Found: code = 17, town = london
Address: London, Greater London, England, UK
Coords:  <coordinates>-0.1276473,51.5073219,0.0</coordinates>
TOP OF MAIN LOOP: mem_link = http://www.meetup.com/Turning-to-Complexity-Beta/members/194250297/
(46) Member Name: Evelina
Found country = gb
Found: code = 17, town = london
Address: London, Greater London, England, UK
Coords:  <coordinates>-0.1276473,51.5073219,0.0</coordinates>
TOP OF MAIN LOOP: mem_link = http://www.meetup.com/Turning-to-Complexity-Beta/members/203505718/
(47) Member Name: A
Found country = gb
Found: code = 17, town = london
Address: London, Greater London, England, UK
Coords:  <coordinates>-0.1276473,51.5073219,0.0</coordinates>
TOP OF MAIN LOOP: mem_link = http://www.meetup.com/Turning-to-Complexity-Beta/members/11888381/
(48) Member Name: Jing
Found country = gb
Found: code = 17, town = london
Address: London, Greater London, England, UK
Coords:  <coordinates>-0.1276473,51.5073219,0.0</coordinates>
TOP OF MAIN LOOP: mem_link = http://www.meetup.com/Turning-to-Complexity-Beta/members/201743685/
(49) Member Name: Dario
Found country = gb
Found: code = 17, town = london
Address: London, Greater London, England, UK
Coords:  <coordinates>-0.1276473,51.5073219,0.0</coordinates>
TOP OF MAIN LOOP: mem_link = http://www.meetup.com/Turning-to-Complexity-Beta/members/203412242/
(50) Member Name: MichaelChee
Found country = gb
Found: code = 17, town = london
Address: London, Greater London, England, UK
Coords:  <coordinates>-0.1276473,51.5073219,0.0</coordinates>
TOP OF MAIN LOOP: mem_link = http://www.meetup.com/Turning-to-Complexity-Beta/members/12391814/
(51) Member Name: Rob
Found country = gb
Found: code = 17, town = london
Address: London, Greater London, England, UK
Coords:  <coordinates>-0.1276473,51.5073219,0.0</coordinates>
TOP OF MAIN LOOP: mem_link = http://www.meetup.com/Turning-to-Complexity-Beta/members/182594127/
(52) Member Name: Adam
Found country = gb
Found: code = 17, town = london
Address: London, Greater London, England, UK
Coords:  <coordinates>-0.1276473,51.5073219,0.0</coordinates>
TOP OF MAIN LOOP: mem_link = http://www.meetup.com/Turning-to-Complexity-Beta/members/172402772/
(53) Member Name: Damir
Found country = gb
Found: code = 17, town = london
Address: London, Greater London, England, UK
Coords:  <coordinates>-0.1276473,51.5073219,0.0</coordinates>
TOP OF MAIN LOOP: mem_link = http://www.meetup.com/Turning-to-Complexity-Beta/members/5662273/
(54) Member Name: Gareth
Found country = gb
Found: code = 17, town = london
Address: London, Greater London, England, UK
Coords:  <coordinates>-0.1276473,51.5073219,0.0</coordinates>
TOP OF MAIN LOOP: mem_link = http://www.meetup.com/Turning-to-Complexity-Beta/members/184930268/
(55) Member Name: Philip
Found country = gb
Found: code = 17, town = london
Address: London, Greater London, England, UK
Coords:  <coordinates>-0.1276473,51.5073219,0.0</coordinates>
TOP OF MAIN LOOP: mem_link = http://www.meetup.com/Turning-to-Complexity-Beta/members/23642391/
(56) Member Name: Jeremy
Found country = gb
Found: code = 17, town = london
Address: London, Greater London, England, UK
Coords:  <coordinates>-0.1276473,51.5073219,0.0</coordinates>
TOP OF MAIN LOOP: mem_link = http://www.meetup.com/Turning-to-Complexity-Beta/members/195845459/
(57) Member Name: Lloyd
Found country = gb
Found: code = london, town = "><span class="locality" itemprop="addressLocality">London<
Can't find coords of country = "gb", town = ""><span class="locality" itemprop="addressLocality">London<"
TOP OF MAIN LOOP: mem_link = http://www.meetup.com/Turning-to-Complexity-Beta/members/193794458/
(58) Member Name: Jenny
Found country = gb
Found: code = 17, town = london
Address: London, Greater London, England, UK
Coords:  <coordinates>-0.1276473,51.5073219,0.0</coordinates>
TOP OF MAIN LOOP: mem_link = http://www.meetup.com/Turning-to-Complexity-Beta/members/8890889/
(59) Member Name: Jennifer
Found country = gb
Found: code = 17, town = london
Address: London, Greater London, England, UK
Coords:  <coordinates>-0.1276473,51.5073219,0.0</coordinates>
TOP OF MAIN LOOP: mem_link = http://www.meetup.com/Turning-to-Complexity-Beta/members/91806042/
(60) Member Name: Sen
Found country = au
Don't know country "au"
Can't parse that location
TOP OF MAIN LOOP: mem_link = 
Fetching the next page ...
  Link is: http://www.meetup.com/Turning-to-Complexity-Beta/members/?offset=60&;sort=last_visited&;desc=1
http://www.meetup.com/Turning-to-Complexity-Beta/members/44121462/
(61) Member Name: Mark
Found country = gb
Found: code = 17, town = london
Address: London, Greater London, England, UK
Coords:  <coordinates>-0.1276473,51.5073219,0.0</coordinates>
TOP OF MAIN LOOP: mem_link = http://www.meetup.com/Turning-to-Complexity-Beta/members/141448642/
(62) Member Name: Priank
Found country = gb
Found: code = f8, town = luton
Address: Luton, East of England, England, UK
Coords:  <coordinates>-0.42303030762,51.89107295,0.0</coordinates>
Adding meetup.com/cities/f8/luton/ to dictionary
country=gb, town=luton, zipcode=, address=Luton, East of England, England, UK, coords=<coordinates>-0.42303030762,51.89107295,0.0</coordinates>
TOP OF MAIN LOOP: mem_link = http://www.meetup.com/Turning-to-Complexity-Beta/members/90911222/
(63) Member Name: Martin
Found country = gb
Found: code = a5, town = luton
Address: Luton, East of England, England, UK
Coords:  <coordinates>-0.42303030762,51.89107295,0.0</coordinates>
Adding meetup.com/cities/a5/luton/ to dictionary
country=gb, town=luton, zipcode=, address=Luton, East of England, England, UK, coords=<coordinates>-0.42303030762,51.89107295,0.0</coordinates>
TOP OF MAIN LOOP: mem_link = http://www.meetup.com/Turning-to-Complexity-Beta/members/189680817/
(64) Member Name: Jon
Found country = gb
Found: code = 17, town = london
Address: London, Greater London, England, UK
Coords:  <coordinates>-0.1276473,51.5073219,0.0</coordinates>
TOP OF MAIN LOOP: mem_link = http://www.meetup.com/Turning-to-Complexity-Beta/members/173173402/
(65) Member Name: Michele
Found country = ie
Don't know country "ie"
Can't parse that location
TOP OF MAIN LOOP: mem_link = http://www.meetup.com/Turning-to-Complexity-Beta/members/13445385/
(66) Member Name: Danny
Found country = gb
Found: code = 17, town = london
Address: London, Greater London, England, UK
Coords:  <coordinates>-0.1276473,51.5073219,0.0</coordinates>
TOP OF MAIN LOOP: mem_link = http://www.meetup.com/Turning-to-Complexity-Beta/members/198327796/
(67) Member Name: Juan
Found country = es
Don't know country "es"
Can't parse that location
TOP OF MAIN LOOP: mem_link = http://www.meetup.com/Turning-to-Complexity-Beta/members/201842025/
(68) Member Name: Mahmoud
Found country = gb
Found: code = poplar, town = "><span class="locality" itemprop="addressLocality">Poplar<
Can't find coords of country = "gb", town = ""><span class="locality" itemprop="addressLocality">Poplar<"
TOP OF MAIN LOOP: mem_link = http://www.meetup.com/Turning-to-Complexity-Beta/members/148039392/
(69) Member Name: Charles
Found country = gb
Found: code = london, town = "><span class="locality" itemprop="addressLocality">London<
Can't find coords of country = "gb", town = ""><span class="locality" itemprop="addressLocality">London<"
TOP OF MAIN LOOP: mem_link = http://www.meetup.com/Turning-to-Complexity-Beta/members/200213294/
(70) Member Name: Pat
Found country = gb
Found: code = 17, town = london
Address: London, Greater London, England, UK
Coords:  <coordinates>-0.1276473,51.5073219,0.0</coordinates>
TOP OF MAIN LOOP: mem_link = http://www.meetup.com/Turning-to-Complexity-Beta/members/200121218/
(71) Member Name: Sakshi
Found country = gb
Found: code = 17, town = london
Address: London, Greater London, England, UK
Coords:  <coordinates>-0.1276473,51.5073219,0.0</coordinates>
TOP OF MAIN LOOP: mem_link = http://www.meetup.com/Turning-to-Complexity-Beta/members/199921614/
(72) Member Name: Christopher
Found country = gb
Found: code = h9, town = london
Address: London, Greater London, England, UK
Coords:  <coordinates>-0.1276473,51.5073219,0.0</coordinates>
Adding meetup.com/cities/h9/london/ to dictionary
country=gb, town=london, zipcode=, address=London, Greater London, England, UK, coords=<coordinates>-0.1276473,51.5073219,0.0</coordinates>
TOP OF MAIN LOOP: mem_link = http://www.meetup.com/Turning-to-Complexity-Beta/members/118362582/
(73) Member Name: Susan
Found country = gb
Found: code = 17, town = london
Address: London, Greater London, England, UK
Coords:  <coordinates>-0.1276473,51.5073219,0.0</coordinates>
TOP OF MAIN LOOP: mem_link = http://www.meetup.com/Turning-to-Complexity-Beta/members/72264492/
(74) Member Name: Valentin
Found country = gb
Found: code = g5, town = bromley
Address: Bromley, London, Greater London, England, UK
Coords:  <coordinates>0.0148142,51.4028046,0.0</coordinates>
Adding meetup.com/cities/g5/bromley/ to dictionary
country=gb, town=bromley, zipcode=, address=Bromley, London, Greater London, England, UK, coords=<coordinates>0.0148142,51.4028046,0.0</coordinates>
TOP OF MAIN LOOP: mem_link = http://www.meetup.com/Turning-to-Complexity-Beta/members/195941539/
(75) Member Name: Dafni
Found country = gb
Found: code = 17, town = london
Address: London, Greater London, England, UK
Coords:  <coordinates>-0.1276473,51.5073219,0.0</coordinates>
TOP OF MAIN LOOP: mem_link = http://www.meetup.com/Turning-to-Complexity-Beta/members/189465619/
(76) Member Name: Cecilia
Found country = gb
Found: code = 17, town = london
Address: London, Greater London, England, UK
Coords:  <coordinates>-0.1276473,51.5073219,0.0</coordinates>
TOP OF MAIN LOOP: mem_link = http://www.meetup.com/Turning-to-Complexity-Beta/members/199378132/
(77) Member Name: Katie
Found country = gb
Found: code = 17, town = london
Address: London, Greater London, England, UK
Coords:  <coordinates>-0.1276473,51.5073219,0.0</coordinates>
TOP OF MAIN LOOP: mem_link = http://www.meetup.com/Turning-to-Complexity-Beta/members/199173185/
(78) Member Name: SILVIA
Found country = gb
Found: code = greater_london, town = "><span class="locality" itemprop="addressLocality">Greater London<
Can't find coords of country = "gb", town = ""><span class="locality" itemprop="addressLocality">Greater London<"
TOP OF MAIN LOOP: mem_link = http://www.meetup.com/Turning-to-Complexity-Beta/members/190787135/
(79) Member Name: Zerin
Found country = gb
Found: code = 17, town = london
Address: London, Greater London, England, UK
Coords:  <coordinates>-0.1276473,51.5073219,0.0</coordinates>
TOP OF MAIN LOOP: mem_link = http://www.meetup.com/Turning-to-Complexity-Beta/members/198920536/
(80) Member Name: David
Found country = gb
Found: code = 17, town = london
Address: London, Greater London, England, UK
Coords:  <coordinates>-0.1276473,51.5073219,0.0</coordinates>
TOP OF MAIN LOOP: mem_link = 
Fetching the next page ...
  Link is: http://www.meetup.com/Turning-to-Complexity-Beta/members/?offset=80&;sort=last_visited&;desc=1
http://www.meetup.com/Turning-to-Complexity-Beta/members/38641122/
(81) Member Name: Tony
Found country = gb
Found: code = 17, town = perivale
Address: Perivale, Chilham Close, Perivale, London Borough of Ealing, London, Greater London, England, UB6 7FD, UK
Coords:  <coordinates>-0.3234626,51.536609,0.0</coordinates>
Adding meetup.com/cities/17/perivale/ to dictionary
country=gb, town=perivale, zipcode=, address=Perivale, Chilham Close, Perivale, London Borough of Ealing, London, Greater London, England, UB6 7FD, UK, coords=<coordinates>-0.3234626,51.536609,0.0</coordinates>
TOP OF MAIN LOOP: mem_link = http://www.meetup.com/Turning-to-Complexity-Beta/members/198775422/
(82) Member Name: SEANDENNIS
Found country = gb
Found: code = 17, town = london
Address: London, Greater London, England, UK
Coords:  <coordinates>-0.1276473,51.5073219,0.0</coordinates>
TOP OF MAIN LOOP: mem_link = http://www.meetup.com/Turning-to-Complexity-Beta/members/101485262/
(83) Member Name: Binoy
Found country = gb
Found: code = 17, town = london
Address: London, Greater London, England, UK
Coords:  <coordinates>-0.1276473,51.5073219,0.0</coordinates>
TOP OF MAIN LOOP: mem_link = http://www.meetup.com/Turning-to-Complexity-Beta/members/198381756/
(84) Member Name: Lubna
Found country = gb
Found: code = 17, town = london
Address: London, Greater London, England, UK
Coords:  <coordinates>-0.1276473,51.5073219,0.0</coordinates>
TOP OF MAIN LOOP: mem_link = http://www.meetup.com/Turning-to-Complexity-Beta/members/152625232/
(85) Member Name: Nelis
Found country = gb
Found: code = y8, town = whitton
Address: Whitton, London Borough of Richmond upon Thames, London, Greater London, England, UK
Coords:  <coordinates>-0.3579758,51.4511693,0.0</coordinates>
Adding meetup.com/cities/y8/whitton/ to dictionary
country=gb, town=whitton, zipcode=, address=Whitton, London Borough of Richmond upon Thames, London, Greater London, England, UK, coords=<coordinates>-0.3579758,51.4511693,0.0</coordinates>
TOP OF MAIN LOOP: mem_link = http://www.meetup.com/Turning-to-Complexity-Beta/members/9885685/
(86) Member Name: john
Found country = gb
Found: code = 17, town = london
Address: London, Greater London, England, UK
Coords:  <coordinates>-0.1276473,51.5073219,0.0</coordinates>
TOP OF MAIN LOOP: mem_link = http://www.meetup.com/Turning-to-Complexity-Beta/members/9555023/
(87) Member Name: Nick
Found country = gb
Found: code = 17, town = london
Address: London, Greater London, England, UK
Coords:  <coordinates>-0.1276473,51.5073219,0.0</coordinates>
TOP OF MAIN LOOP: mem_link = http://www.meetup.com/Turning-to-Complexity-Beta/members/197807914/
(88) Member Name: MrAnonyMouse
Found country = gb
Found: code = poplar, town = "><span class="locality" itemprop="addressLocality">Poplar<
Can't find coords of country = "gb", town = ""><span class="locality" itemprop="addressLocality">Poplar<"
TOP OF MAIN LOOP: mem_link = http://www.meetup.com/Turning-to-Complexity-Beta/members/89356002/
(89) Member Name: Will
Found country = nz
Don't know country "nz"
Can't parse that location
TOP OF MAIN LOOP: mem_link = http://www.meetup.com/Turning-to-Complexity-Beta/members/47786692/
(90) Member Name: Alex
Found country = gb
Found: code = 03, town = calcot
Address: Calcot, Theale, West Berkshire, South East, England, UK
Coords:  <coordinates>-1.0520248,51.441795,0.0</coordinates>
Adding meetup.com/cities/03/calcot/ to dictionary
country=gb, town=calcot, zipcode=, address=Calcot, Theale, West Berkshire, South East, England, UK, coords=<coordinates>-1.0520248,51.441795,0.0</coordinates>
TOP OF MAIN LOOP: mem_link = http://www.meetup.com/Turning-to-Complexity-Beta/members/13382295/
(91) Member Name: Easi
Found country = gb
Found: code = 17, town = london
Address: London, Greater London, England, UK
Coords:  <coordinates>-0.1276473,51.5073219,0.0</coordinates>
TOP OF MAIN LOOP: mem_link = http://www.meetup.com/Turning-to-Complexity-Beta/members/196839813/
(92) Member Name: Arun
Found country = gb
Found: code = 17, town = london
Address: London, Greater London, England, UK
Coords:  <coordinates>-0.1276473,51.5073219,0.0</coordinates>
TOP OF MAIN LOOP: mem_link = http://www.meetup.com/Turning-to-Complexity-Beta/members/4596124/
(93) Member Name: Alan
Found country = gb
Found: code = greater_london, town = "><span class="locality" itemprop="addressLocality">Greater London<
Can't find coords of country = "gb", town = ""><span class="locality" itemprop="addressLocality">Greater London<"
TOP OF MAIN LOOP: mem_link = http://www.meetup.com/Turning-to-Complexity-Beta/members/122037922/
(94) Member Name: Mic100
Found country = fr
Don't know country "fr"
Can't parse that location
TOP OF MAIN LOOP: mem_link = http://www.meetup.com/Turning-to-Complexity-Beta/members/196348907/
(95) Member Name: antonio
Found country = gb
Found: code = 17, town = london
Address: London, Greater London, England, UK
Coords:  <coordinates>-0.1276473,51.5073219,0.0</coordinates>
TOP OF MAIN LOOP: mem_link = http://www.meetup.com/Turning-to-Complexity-Beta/members/110039162/
(96) Member Name: Greg
Found country = gb
Found: code = 17, town = london
Address: London, Greater London, England, UK
Coords:  <coordinates>-0.1276473,51.5073219,0.0</coordinates>
TOP OF MAIN LOOP: mem_link = http://www.meetup.com/Turning-to-Complexity-Beta/members/51700432/
(97) Member Name: Has
Found country = gb
Found: code = e4, town = ilford
Address: Ilford, London, Greater London, England, UK
Coords:  <coordinates>0.0711669,51.5582734,0.0</coordinates>
Adding meetup.com/cities/e4/ilford/ to dictionary
country=gb, town=ilford, zipcode=, address=Ilford, London, Greater London, England, UK, coords=<coordinates>0.0711669,51.5582734,0.0</coordinates>
TOP OF MAIN LOOP: mem_link = http://www.meetup.com/Turning-to-Complexity-Beta/members/183057928/
(98) Member Name: So
Found country = gb
Found: code = 17, town = london
Address: London, Greater London, England, UK
Coords:  <coordinates>-0.1276473,51.5073219,0.0</coordinates>
TOP OF MAIN LOOP: mem_link = http://www.meetup.com/Turning-to-Complexity-Beta/members/65495402/
(99) Member Name: Joël
Found country = gb
Found: code = 17, town = london
Address: London, Greater London, England, UK
Coords:  <coordinates>-0.1276473,51.5073219,0.0</coordinates>
TOP OF MAIN LOOP: mem_link = http://www.meetup.com/Turning-to-Complexity-Beta/members/14217894/
(100) Member Name: Sally
Found country = gb
Found: code = 17, town = london
Address: London, Greater London, England, UK
Coords:  <coordinates>-0.1276473,51.5073219,0.0</coordinates>
TOP OF MAIN LOOP: mem_link = 
Fetching the next page ...
  Link is: http://www.meetup.com/Turning-to-Complexity-Beta/members/?offset=100&;sort=last_visited&;desc=1
http://www.meetup.com/Turning-to-Complexity-Beta/members/193451076/
(101) Member Name: Mikhail
Found country = gb
Found: code = 17, town = london
Address: London, Greater London, England, UK
Coords:  <coordinates>-0.1276473,51.5073219,0.0</coordinates>
TOP OF MAIN LOOP: mem_link = http://www.meetup.com/Turning-to-Complexity-Beta/members/178974272/
(102) Member Name: Natalia
Found country = gb
Found: code = 17, town = london
Address: London, Greater London, England, UK
Coords:  <coordinates>-0.1276473,51.5073219,0.0</coordinates>
TOP OF MAIN LOOP: mem_link = http://www.meetup.com/Turning-to-Complexity-Beta/members/195252176/
(103) Member Name: Saumil
Found country = gb
Found: code = 17, town = london
Address: London, Greater London, England, UK
Coords:  <coordinates>-0.1276473,51.5073219,0.0</coordinates>
TOP OF MAIN LOOP: mem_link = http://www.meetup.com/Turning-to-Complexity-Beta/members/51993892/
(104) Member Name: Tariq
Found country = gb
Found: code = 17, town = london
Address: London, Greater London, England, UK
Coords:  <coordinates>-0.1276473,51.5073219,0.0</coordinates>
TOP OF MAIN LOOP: mem_link = http://www.meetup.com/Turning-to-Complexity-Beta/members/193033421/
(105) Member Name: Nasir
Found country = gb
Found: code = e2, town = frant
Address: Frant, East Sussex, South East, England, UK
Coords:  <coordinates>0.2691684,51.0942674,0.0</coordinates>
Adding meetup.com/cities/e2/frant/ to dictionary
country=gb, town=frant, zipcode=, address=Frant, East Sussex, South East, England, UK, coords=<coordinates>0.2691684,51.0942674,0.0</coordinates>
TOP OF MAIN LOOP: mem_link = http://www.meetup.com/Turning-to-Complexity-Beta/members/118996062/
(106) Member Name: ludo
Found country = gb
Found: code = 17, town = london
Address: London, Greater London, England, UK
Coords:  <coordinates>-0.1276473,51.5073219,0.0</coordinates>
TOP OF MAIN LOOP: mem_link = http://www.meetup.com/Turning-to-Complexity-Beta/members/195179989/
(107) Member Name: Fendada
Found country = gb
Found: code = 17, town = london
Address: London, Greater London, England, UK
Coords:  <coordinates>-0.1276473,51.5073219,0.0</coordinates>
TOP OF MAIN LOOP: mem_link = http://www.meetup.com/Turning-to-Complexity-Beta/members/175619272/
(108) Member Name: Lyndsay
Found country = gb
Found: code = 17, town = london
Address: London, Greater London, England, UK
Coords:  <coordinates>-0.1276473,51.5073219,0.0</coordinates>
TOP OF MAIN LOOP: mem_link = http://www.meetup.com/Turning-to-Complexity-Beta/members/70628432/
(109) Member Name: elvia
Found country = gb
Found: code = 17, town = london
Address: London, Greater London, England, UK
Coords:  <coordinates>-0.1276473,51.5073219,0.0</coordinates>
TOP OF MAIN LOOP: mem_link = http://www.meetup.com/Turning-to-Complexity-Beta/members/134841082/
(110) Member Name: Silvia
Found country = gb
Found: code = 17, town = london
Address: London, Greater London, England, UK
Coords:  <coordinates>-0.1276473,51.5073219,0.0</coordinates>
TOP OF MAIN LOOP: mem_link = http://www.meetup.com/Turning-to-Complexity-Beta/members/142338682/
(111) Member Name: Marie-Estelle
Found country = gb
Found: code = 17, town = london
Address: London, Greater London, England, UK
Coords:  <coordinates>-0.1276473,51.5073219,0.0</coordinates>
TOP OF MAIN LOOP: mem_link = http://www.meetup.com/Turning-to-Complexity-Beta/members/195054182/
(112) Member Name: ilona
Found country = gb
Found: code = 17, town = london
Address: London, Greater London, England, UK
Coords:  <coordinates>-0.1276473,51.5073219,0.0</coordinates>
TOP OF MAIN LOOP: mem_link = http://www.meetup.com/Turning-to-Complexity-Beta/members/194985210/
(113) Member Name: Malika-Zaynah
Found country = gb
Found: code = 17, town = london
Address: London, Greater London, England, UK
Coords:  <coordinates>-0.1276473,51.5073219,0.0</coordinates>
TOP OF MAIN LOOP: mem_link = http://www.meetup.com/Turning-to-Complexity-Beta/members/13572042/
(114) Member Name: Olivier
Found country = gb
Found: code = 17, town = london
Address: London, Greater London, England, UK
Coords:  <coordinates>-0.1276473,51.5073219,0.0</coordinates>
TOP OF MAIN LOOP: mem_link = http://www.meetup.com/Turning-to-Complexity-Beta/members/430840/
(115) Member Name: ruth.catlow
Found country = gb
Found: code = 17, town = london
Address: London, Greater London, England, UK
Coords:  <coordinates>-0.1276473,51.5073219,0.0</coordinates>
TOP OF MAIN LOOP: mem_link = http://www.meetup.com/Turning-to-Complexity-Beta/members/123807282/
(116) Member Name: bill
Found country = gb
Found: code = 17, town = london
Address: London, Greater London, England, UK
Coords:  <coordinates>-0.1276473,51.5073219,0.0</coordinates>
TOP OF MAIN LOOP: mem_link = http://www.meetup.com/Turning-to-Complexity-Beta/members/194827766/
(117) Member Name: Kathleen
Found country = gb
Found: code = 17, town = london
Address: London, Greater London, England, UK
Coords:  <coordinates>-0.1276473,51.5073219,0.0</coordinates>
TOP OF MAIN LOOP: mem_link = http://www.meetup.com/Turning-to-Complexity-Beta/members/89631162/
(118) Member Name: Helen
Found country = gb
Found: code = 17, town = london
Address: London, Greater London, England, UK
Coords:  <coordinates>-0.1276473,51.5073219,0.0</coordinates>
TOP OF MAIN LOOP: mem_link = http://www.meetup.com/Turning-to-Complexity-Beta/members/43066262/
(119) Member Name: Paul
Found country = gb
Found: code = 17, town = london
Address: London, Greater London, England, UK
Coords:  <coordinates>-0.1276473,51.5073219,0.0</coordinates>
TOP OF MAIN LOOP: mem_link = http://www.meetup.com/Turning-to-Complexity-Beta/members/129485522/
(120) Member Name: Oliver
Found country = gb
Found: code = 17, town = london
Address: London, Greater London, England, UK
Coords:  <coordinates>-0.1276473,51.5073219,0.0</coordinates>
TOP OF MAIN LOOP: mem_link = 
Fetching the next page ...
  Link is: http://www.meetup.com/Turning-to-Complexity-Beta/members/?offset=120&;sort=last_visited&;desc=1
http://www.meetup.com/Turning-to-Complexity-Beta/members/183779530/
(121) Member Name: Lewis
Found country = gb
Found: code = 17, town = london
Address: London, Greater London, England, UK
Coords:  <coordinates>-0.1276473,51.5073219,0.0</coordinates>
TOP OF MAIN LOOP: mem_link = http://www.meetup.com/Turning-to-Complexity-Beta/members/184000216/
(122) Member Name: C
Found country = gb
Found: code = 17, town = london
Address: London, Greater London, England, UK
Coords:  <coordinates>-0.1276473,51.5073219,0.0</coordinates>
TOP OF MAIN LOOP: mem_link = http://www.meetup.com/Turning-to-Complexity-Beta/members/75321842/
(123) Member Name: Neil
Found country = gb
Found: code = 17, town = london
Address: London, Greater London, England, UK
Coords:  <coordinates>-0.1276473,51.5073219,0.0</coordinates>
TOP OF MAIN LOOP: mem_link = http://www.meetup.com/Turning-to-Complexity-Beta/members/98266152/
(124) Member Name: Tomasz
Found country = gb
Found: code = 17, town = london
Address: London, Greater London, England, UK
Coords:  <coordinates>-0.1276473,51.5073219,0.0</coordinates>
TOP OF MAIN LOOP: mem_link = http://www.meetup.com/Turning-to-Complexity-Beta/members/19347771/
(125) Member Name: Carl
Found country = gb
Found: code = 17, town = london
Address: London, Greater London, England, UK
Coords:  <coordinates>-0.1276473,51.5073219,0.0</coordinates>
TOP OF MAIN LOOP: mem_link = http://www.meetup.com/Turning-to-Complexity-Beta/members/14508857/
(126) Member Name: Sean
Found country = gb
Found: code = 17, town = london
Address: London, Greater London, England, UK
Coords:  <coordinates>-0.1276473,51.5073219,0.0</coordinates>
TOP OF MAIN LOOP: mem_link = http://www.meetup.com/Turning-to-Complexity-Beta/members/3967441/
(127) Member Name: John
Found country = gb
Found: code = 17, town = london
Address: London, Greater London, England, UK
Coords:  <coordinates>-0.1276473,51.5073219,0.0</coordinates>
TOP OF MAIN LOOP: mem_link = http://www.meetup.com/Turning-to-Complexity-Beta/members/70402542/
(128) Member Name: Rohit
Found country = gb
Found: code = 17, town = london
Address: London, Greater London, England, UK
Coords:  <coordinates>-0.1276473,51.5073219,0.0</coordinates>
TOP OF MAIN LOOP: mem_link = http://www.meetup.com/Turning-to-Complexity-Beta/members/183869092/
(129) Member Name: Louis
Found country = gb
Found: code = 17, town = london
Address: London, Greater London, England, UK
Coords:  <coordinates>-0.1276473,51.5073219,0.0</coordinates>
TOP OF MAIN LOOP: mem_link = http://www.meetup.com/Turning-to-Complexity-Beta/members/4593180/
(130) Member Name: brian
Found country = gb
Found: code = 17, town = london
Address: London, Greater London, England, UK
Coords:  <coordinates>-0.1276473,51.5073219,0.0</coordinates>
Expected to find 130 members
Read pages for   130 members
Found coords for 110 members
Writing the dictionary to: Turning-to-Complexity-Beta.dic
Done!
